info  - Thank you for testing `appDir` please leave your feedback at https://nextjs.link/app-feedback
warn  - You have enabled experimental features (appDir, instrumentationHook) in next.config.js.
warn  - Experimental features are not covered by semver, and may cause unexpected or broken application behavior. Use at your own risk.

info  - Creating an optimized production build...
warn  - Compiled with warnings

../../sdk/highlight-next/HighlightInit.tsx
Attempted import error: 'H' is not exported from 'highlight.run' (imported as 'H').

Import trace for requested module:
../../sdk/highlight-next/HighlightInit.tsx

../../sdk/highlight-next/HighlightInit.tsx
Attempted import error: 'H' is not exported from 'highlight.run' (imported as 'H').

Import trace for requested module:
../../sdk/highlight-next/HighlightInit.tsx

../../sdk/highlight-next/HighlightInit.tsx
Attempted import error: 'H' is not exported from 'highlight.run' (imported as 'H').

Import trace for requested module:
../../sdk/highlight-next/HighlightInit.tsx

../../sdk/highlight-next/HighlightInit.tsx
Attempted import error: 'H' is not exported from 'highlight.run' (imported as 'H').

Import trace for requested module:
../../sdk/highlight-next/HighlightInit.tsx

info  - Linting and checking validity of types...
info  - Collecting page data...
info  - Generating static pages (0/6)
getStaticProps pages/isr
info  - Generating static pages (1/6)
info  - Generating static pages (2/6)
info  - Generating static pages (4/6)
warn  - Entire page /app-directory/isr deopted into client-side rendering. https://nextjs.org/docs/messages/deopted-into-client-rendering /app-directory/isr
info  - Generating static pages (6/6)
info  - Finalizing page optimization...

Route (app)                                Size     First Load JS
┌ ○ /                                      15.7 kB        91.8 kB
├ λ /api/app-directory-test                0 B                0 B
└ λ /app-directory/isr                     136 B          76.1 kB
+ First Load JS shared by all              76 kB
  ├ chunks/139-c7c0bdb226ea9530.js         23.5 kB
  ├ chunks/2443530c-bace7f6e7e76cec1.js    50.5 kB
  ├ chunks/main-app-3f2a6431450c99cd.js    263 B
  └ chunks/webpack-434d28d22ed7b93e.js     1.75 kB

Route (pages)                              Size     First Load JS
┌   /_app                                  0 B             110 kB
├ ○ /404                                   220 B           110 kB
├ λ /api/test                              0 B             110 kB
└ ● /isr (ISR: 10 Seconds)                 464 B           111 kB
+ First Load JS shared by all              110 kB
  ├ chunks/main-931eec0b77abe169.js        83.9 kB
  ├ chunks/pages/_app-cec0cec29513a3f9.js  24.4 kB
  └ chunks/webpack-434d28d22ed7b93e.js     1.75 kB

λ  (Server)  server-side renders at runtime (uses getInitialProps or getServerSideProps)
○  (Static)  automatically rendered as static HTML (uses no initial props)
●  (SSG)     automatically generated as static HTML + JSON (uses getStaticProps)
   (ISR)     incremental static regeneration (uses revalidate in getStaticProps)

